<?xml version="1.0" encoding="UTF-8"?>
<!-- Generated by org.testng.reporters.JUnitXMLReporter -->
<testsuite hostname="RAJAGURU-PC" ignored="0" name="Test1" tests="4" failures="0" timestamp="08 Jun 2021 13:07:54 GMT" time="46.77" errors="0">
  <testcase name="runScenario" time="15.094" classname="io.cucumber.testng.AbstractTestNGCucumberTests"/>
  <testcase name="runScenario" time="9.848" classname="io.cucumber.testng.AbstractTestNGCucumberTests"/>
  <testcase name="runScenario" time="9.328" classname="io.cucumber.testng.AbstractTestNGCucumberTests"/>
  <testcase name="runScenario" time="12.341" classname="io.cucumber.testng.AbstractTestNGCucumberTests"/>
</testsuite> <!-- Test1 -->
