<?xml version="1.0" encoding="UTF-8"?>
<!-- Generated by org.testng.reporters.JUnitXMLReporter -->
<testsuite hostname="RAJAGURU-PC" name="Nopackage" tests="0" failures="0" timestamp="7 Jun 2021 20:55:40 GMT" time="0.309" errors="0">
  <testcase name="@BeforeClass setUpClass" time="0.0" classname="testRunners.TestRunner">
    <failure type="java.lang.NoClassDefFoundError" message="io/cucumber/messages/Messages$Envelope">
      <![CDATA[java.lang.NoClassDefFoundError: io/cucumber/messages/Messages$Envelope
	at io.cucumber.core.plugin.NoPublishFormatter.setEventPublisher(NoPublishFormatter.java:34)
	at io.cucumber.core.plugin.Plugins.setSerialEventBusOnEventListenerPlugins(Plugins.java:81)
	at io.cucumber.testng.TestNGCucumberRunner.<init>(TestNGCucumberRunner.java:107)
	at io.cucumber.testng.AbstractTestNGCucumberTests.setUpClass(AbstractTestNGCucumberTests.java:23)
Caused by: java.lang.ClassNotFoundException: io.cucumber.messages.Messages$Envelope
	at java.net.URLClassLoader.findClass(Unknown Source)
	at java.lang.ClassLoader.loadClass(Unknown Source)
	at sun.misc.Launcher$AppClassLoader.loadClass(Unknown Source)
	at java.lang.ClassLoader.loadClass(Unknown Source)
	... 28 more
... Removed 24 stack frames]]>
    </failure>
  </testcase> <!-- @BeforeClass setUpClass -->
</testsuite> <!-- Nopackage -->
